This is pdfTeX, Version 3.14159265-2.6-1.40.18 (TeX Live 2017) (preloaded format=pdflatex 2017.5.23)  19 SEP 2018 03:26
entering extended mode
 restricted \write18 enabled.
 file:line:error style messages enabled.
 %&-line parsing enabled.
**report.tex
(./report.tex
LaTeX2e <2017-04-15>
Babel <3.10> and hyphenation patterns for 84 language(s) loaded.
(/usr/local/texlive/2017/texmf-dist/tex/latex/base/article.cls
Document Class: article 2014/09/29 v1.4h Standard LaTeX document class
(/usr/local/texlive/2017/texmf-dist/tex/latex/base/size12.clo
File: size12.clo 2014/09/29 v1.4h Standard LaTeX file (size option)
)
\c@part=\count79
\c@section=\count80
\c@subsection=\count81
\c@subsubsection=\count82
\c@paragraph=\count83
\c@subparagraph=\count84
\c@figure=\count85
\c@table=\count86
\abovecaptionskip=\skip41
\belowcaptionskip=\skip42
\bibindent=\dimen102
)
(/usr/local/texlive/2017/texmf-dist/tex/latex/graphics/graphicx.sty
Package: graphicx 2014/10/28 v1.0g Enhanced LaTeX Graphics (DPC,SPQR)

(/usr/local/texlive/2017/texmf-dist/tex/latex/graphics/keyval.sty
Package: keyval 2014/10/28 v1.15 key=value parser (DPC)
\KV@toks@=\toks14
)
(/usr/local/texlive/2017/texmf-dist/tex/latex/graphics/graphics.sty
Package: graphics 2017/04/14 v1.1b Standard LaTeX Graphics (DPC,SPQR)

(/usr/local/texlive/2017/texmf-dist/tex/latex/graphics/trig.sty
Package: trig 2016/01/03 v1.10 sin cos tan (DPC)
)
(/usr/local/texlive/2017/texmf-dist/tex/latex/graphics-cfg/graphics.cfg
File: graphics.cfg 2016/06/04 v1.11 sample graphics configuration
)
Package graphics Info: Driver file: pdftex.def on input line 99.

(/usr/local/texlive/2017/texmf-dist/tex/latex/graphics-def/pdftex.def
File: pdftex.def 2017/01/12 v0.06k Graphics/color for pdfTeX

(/usr/local/texlive/2017/texmf-dist/tex/generic/oberdiek/infwarerr.sty
Package: infwarerr 2016/05/16 v1.4 Providing info/warning/error messages (HO)
)
(/usr/local/texlive/2017/texmf-dist/tex/generic/oberdiek/ltxcmds.sty
Package: ltxcmds 2016/05/16 v1.23 LaTeX kernel commands for general use (HO)
)
\Gread@gobject=\count87
))
\Gin@req@height=\dimen103
\Gin@req@width=\dimen104
)
(/usr/local/texlive/2017/texmf-dist/tex/latex/float/float.sty
Package: float 2001/11/08 v1.3d Float enhancements (AL)
\c@float@type=\count88
\float@exts=\toks15
\float@box=\box26
\@float@everytoks=\toks16
\@floatcapt=\box27
) (./report.aux)
\openout1 = `report.aux'.

LaTeX Font Info:    Checking defaults for OML/cmm/m/it on input line 13.
LaTeX Font Info:    ... okay on input line 13.
LaTeX Font Info:    Checking defaults for T1/cmr/m/n on input line 13.
LaTeX Font Info:    ... okay on input line 13.
LaTeX Font Info:    Checking defaults for OT1/cmr/m/n on input line 13.
LaTeX Font Info:    ... okay on input line 13.
LaTeX Font Info:    Checking defaults for OMS/cmsy/m/n on input line 13.
LaTeX Font Info:    ... okay on input line 13.
LaTeX Font Info:    Checking defaults for OMX/cmex/m/n on input line 13.
LaTeX Font Info:    ... okay on input line 13.
LaTeX Font Info:    Checking defaults for U/cmr/m/n on input line 13.
LaTeX Font Info:    ... okay on input line 13.

(/usr/local/texlive/2017/texmf-dist/tex/context/base/mkii/supp-pdf.mkii
[Loading MPS to PDF converter (version 2006.09.02).]
\scratchcounter=\count89
\scratchdimen=\dimen105
\scratchbox=\box28
\nofMPsegments=\count90
\nofMParguments=\count91
\everyMPshowfont=\toks17
\MPscratchCnt=\count92
\MPscratchDim=\dimen106
\MPnumerator=\count93
\makeMPintoPDFobject=\count94
\everyMPtoPDFconversion=\toks18
) (/usr/local/texlive/2017/texmf-dist/tex/generic/oberdiek/pdftexcmds.sty
Package: pdftexcmds 2017/03/19 v0.25 Utility functions of pdfTeX for LuaTeX (HO
)

(/usr/local/texlive/2017/texmf-dist/tex/generic/oberdiek/ifluatex.sty
Package: ifluatex 2016/05/16 v1.4 Provides the ifluatex switch (HO)
Package ifluatex Info: LuaTeX not detected.
)
(/usr/local/texlive/2017/texmf-dist/tex/generic/oberdiek/ifpdf.sty
Package: ifpdf 2017/03/15 v3.2 Provides the ifpdf switch
)
Package pdftexcmds Info: LuaTeX not detected.
Package pdftexcmds Info: \pdf@primitive is available.
Package pdftexcmds Info: \pdf@ifprimitive is available.
Package pdftexcmds Info: \pdfdraftmode found.
)
(/usr/local/texlive/2017/texmf-dist/tex/latex/oberdiek/epstopdf-base.sty
Package: epstopdf-base 2016/05/15 v2.6 Base part for package epstopdf

(/usr/local/texlive/2017/texmf-dist/tex/latex/oberdiek/grfext.sty
Package: grfext 2016/05/16 v1.2 Manage graphics extensions (HO)

(/usr/local/texlive/2017/texmf-dist/tex/generic/oberdiek/kvdefinekeys.sty
Package: kvdefinekeys 2016/05/16 v1.4 Define keys (HO)
))
(/usr/local/texlive/2017/texmf-dist/tex/latex/oberdiek/kvoptions.sty
Package: kvoptions 2016/05/16 v3.12 Key value format for package options (HO)

(/usr/local/texlive/2017/texmf-dist/tex/generic/oberdiek/kvsetkeys.sty
Package: kvsetkeys 2016/05/16 v1.17 Key value parser (HO)

(/usr/local/texlive/2017/texmf-dist/tex/generic/oberdiek/etexcmds.sty
Package: etexcmds 2016/05/16 v1.6 Avoid name clashes with e-TeX commands (HO)
Package etexcmds Info: Could not find \expanded.
(etexcmds)             That can mean that you are not using pdfTeX 1.50 or
(etexcmds)             that some package has redefined \expanded.
(etexcmds)             In the latter case, load this package earlier.
)))
Package epstopdf-base Info: Redefining graphics rule for `.eps' on input line 4
38.
Package grfext Info: Graphics extension search list:
(grfext)             [.png,.pdf,.jpg,.mps,.jpeg,.jbig2,.jb2,.PNG,.PDF,.JPG,.JPE
G,.JBIG2,.JB2,.eps]
(grfext)             \AppendGraphicsExtensions on input line 456.

(/usr/local/texlive/2017/texmf-dist/tex/latex/latexconfig/epstopdf-sys.cfg
File: epstopdf-sys.cfg 2010/07/13 v1.3 Configuration of (r)epstopdf for TeX Liv
e
))
LaTeX Font Info:    External font `cmex10' loaded for size
(Font)              <14.4> on input line 14.
LaTeX Font Info:    External font `cmex10' loaded for size
(Font)              <7> on input line 14.

Underfull \hbox (badness 10000) in paragraph at lines 35--36

 []

[1

{/usr/local/texlive/2017/texmf-var/fonts/map/pdftex/updmap/pdftex.map}]
Underfull \hbox (badness 10000) in paragraph at lines 37--38

 []


Underfull \hbox (badness 10000) in paragraph at lines 39--40

 []

Missing character: There is no é in font cmr12!
Missing character: There is no é in font cmr12!

Underfull \hbox (badness 10000) in paragraph at lines 41--42

 []


Underfull \hbox (badness 10000) in paragraph at lines 43--44

 []


Underfull \hbox (badness 10000) in paragraph at lines 45--46

 []


Underfull \hbox (badness 10000) in paragraph at lines 47--48

 []


Underfull \hbox (badness 10000) in paragraph at lines 49--50

 []


Underfull \hbox (badness 10000) in paragraph at lines 53--54

 []

<./images/source.png, id=9, 180.675pt x 180.675pt>
File: ./images/source.png Graphic file (type png)
 <use ./images/source.png>
Package pdftex.def Info: ./images/source.png used on input line 58.
(pdftex.def)             Requested size: 180.67455pt x 180.67455pt.

[2]
Underfull \hbox (badness 10000) in paragraph at lines 63--64

 []

<./images/desired_result.png, id=14, 180.675pt x 180.675pt>
File: ./images/desired_result.png Graphic file (type png)

<use ./images/desired_result.png>
Package pdftex.def Info: ./images/desired_result.png used on input line 68.
(pdftex.def)             Requested size: 180.67455pt x 180.67455pt.

Underfull \hbox (badness 10000) in paragraph at lines 71--72

 []

<./images/threshold.png, id=15, 180.675pt x 180.675pt>
File: ./images/threshold.png Graphic file (type png)

<use ./images/threshold.png>
Package pdftex.def Info: ./images/threshold.png used on input line 76.
(pdftex.def)             Requested size: 180.67455pt x 180.67455pt.
 [3 <./images/source.png> <./images/desired_result.png>]
Underfull \hbox (badness 10000) in paragraph at lines 79--80

 []

<./images/hough.png, id=21, 180.675pt x 180.675pt>
File: ./images/hough.png Graphic file (type png)
 <use ./images/hough.png>
Package pdftex.def Info: ./images/hough.png used on input line 84.
(pdftex.def)             Requested size: 180.67455pt x 180.67455pt.

Overfull \hbox (3.37094pt too wide) in paragraph at lines 87--88
\OT1/cmr/m/n/12 To this im-age, we ap-ply the Line Seg-ment De-tec-tor al-go-ri
thm from Grompone,
 []


Underfull \hbox (badness 10000) in paragraph at lines 87--88

 []

<./images/LSD.png, id=22, 180.675pt x 180.675pt>
File: ./images/LSD.png Graphic file (type png)
 <use ./images/LSD.png>
Package pdftex.def Info: ./images/LSD.png used on input line 92.
(pdftex.def)             Requested size: 180.67455pt x 180.67455pt.

[4 <./images/threshold.png> <./images/hough.png>]
Underfull \hbox (badness 10000) in paragraph at lines 95--96

 []

<./images/corner_detection.png, id=28, 180.675pt x 180.675pt>
File: ./images/corner_detection.png Graphic file (type png)

<use ./images/corner_detection.png>
Package pdftex.def Info: ./images/corner_detection.png used on input line 100.
(pdftex.def)             Requested size: 180.67455pt x 180.67455pt.

Underfull \hbox (badness 10000) in paragraph at lines 103--104

 []

<./images/convex_hull.png, id=29, 180.675pt x 180.675pt>
File: ./images/convex_hull.png Graphic file (type png)

<use ./images/convex_hull.png>
Package pdftex.def Info: ./images/convex_hull.png used on input line 108.
(pdftex.def)             Requested size: 180.67455pt x 180.67455pt.
 [5 <./images/LSD.png> <./images/corner_detection.png>]
Underfull \hbox (badness 10000) in paragraph at lines 111--112

 []

<./images/progression_final.png, id=35, 180.675pt x 180.675pt>
File: ./images/progression_final.png Graphic file (type png)

<use ./images/progression_final.png>
Package pdftex.def Info: ./images/progression_final.png used on input line 116.

(pdftex.def)             Requested size: 180.67455pt x 180.67455pt.

Underfull \hbox (badness 10000) in paragraph at lines 119--120

 []

File: ./images/desired_result.png Graphic file (type png)
<use ./images/desired_result.png>
Package pdftex.def Info: ./images/desired_result.png used on input line 121.
(pdftex.def)             Requested size: 180.67455pt x 180.67455pt.
File: ./images/progression_final.png Graphic file (type png)
 <use ./images/progression_final.png>
Package pdftex.def Info: ./images/progression_final.png used on input line 121.

(pdftex.def)             Requested size: 180.67455pt x 180.67455pt.

Underfull \hbox (badness 10000) in paragraph at lines 121--122

 []

[6 <./images/convex_hull.png> <./images/progression_final.png>]
Underfull \hbox (badness 10000) in paragraph at lines 123--124

 []


Underfull \hbox (badness 10000) in paragraph at lines 125--126

 []

<./images/source2.png, id=41, 180.675pt x 180.675pt>
File: ./images/source2.png Graphic file (type png)

<use ./images/source2.png>
Package pdftex.def Info: ./images/source2.png used on input line 127.
(pdftex.def)             Requested size: 180.67455pt x 180.67455pt.

<./images/result2.png, id=42, 180.675pt x 180.675pt>
File: ./images/result2.png Graphic file (type png)

<use ./images/result2.png>
Package pdftex.def Info: ./images/result2.png used on input line 127.
(pdftex.def)             Requested size: 180.67455pt x 180.67455pt.

Underfull \hbox (badness 10000) in paragraph at lines 127--128

 []


Underfull \hbox (badness 10000) in paragraph at lines 131--132

 []

<./images/source3.png, id=43, 180.675pt x 180.675pt>
File: ./images/source3.png Graphic file (type png)

<use ./images/source3.png>
Package pdftex.def Info: ./images/source3.png used on input line 133.
(pdftex.def)             Requested size: 180.67455pt x 180.67455pt.

<./images/result3.png, id=44, 180.675pt x 180.675pt>
File: ./images/result3.png Graphic file (type png)

<use ./images/result3.png>
Package pdftex.def Info: ./images/result3.png used on input line 133.
(pdftex.def)             Requested size: 180.67455pt x 180.67455pt.

Underfull \hbox (badness 10000) in paragraph at lines 133--134

 []

[7 <./images/source2.png> <./images/result2.png>]
<./images/failure_case.png, id=51, 361.35pt x 220.825pt>
File: ./images/failure_case.png Graphic file (type png)

<use ./images/failure_case.png>
Package pdftex.def Info: ./images/failure_case.png used on input line 142.
(pdftex.def)             Requested size: 361.34912pt x 220.82445pt.
 [8 <./images/source3.png> <./images/result3.png> <./images/failure_case.png>]
<./images/harris_failure.png, id=58, 361.35pt x 199.74625pt>
File: ./images/harris_failure.png Graphic file (type png)

<use ./images/harris_failure.png>
Package pdftex.def Info: ./images/harris_failure.png used on input line 150.
(pdftex.def)             Requested size: 361.34912pt x 199.74576pt.

No file report.bbl.
[9 <./images/harris_failure.png>] (./report.aux) ) 
Here is how much of TeX's memory you used:
 1608 strings out of 492995
 23902 string characters out of 6132704
 82690 words of memory out of 5000000
 5157 multiletter control sequences out of 15000+600000
 5756 words of font info for 21 fonts, out of 8000000 for 9000
 1141 hyphenation exceptions out of 8191
 39i,6n,25p,363b,216s stack positions out of 5000i,500n,10000p,200000b,80000s
</usr/local/texlive/2017/texm
f-dist/fonts/type1/public/amsfonts/cm/cmbx12.pfb></usr/local/texlive/2017/texmf
-dist/fonts/type1/public/amsfonts/cm/cmr12.pfb></usr/local/texlive/2017/texmf-d
ist/fonts/type1/public/amsfonts/cm/cmr17.pfb>
Output written on report.pdf (9 pages, 264477 bytes).
PDF statistics:
 75 PDF objects out of 1000 (max. 8388607)
 32 compressed objects within 1 object stream
 0 named destinations out of 1000 (max. 500000)
 71 words of extra memory for PDF output out of 10000 (max. 10000000)

